<?xml version="1.0" encoding="UTF-8"?>
<testsuite xmlns:xsi="http://www.w3.org/2001/XMLSchema-instance" xsi:noNamespaceSchemaLocation="https://maven.apache.org/surefire/maven-surefire-plugin/xsd/surefire-test-report-3.0.xsd" version="3.0" name="LeaveControllerTest" time="0.267" tests="8" errors="5" skipped="0" failures="1">
  <properties>
[...]
</properties>
  <testcase name="testSubmitLeaveRequestInsufficientBalance" classname="LeaveControllerTest" time="0.119">
    <failure message="Unexpected exception type thrown, expected: &lt;InsufficientLeaveBalanceException&gt; but was: &lt;java.lang.IllegalArgumentException&gt;" type="org.opentest4j.AssertionFailedError"><![CDATA[org.opentest4j.AssertionFailedError: Unexpected exception type thrown, expected: <InsufficientLeaveBalanceException> but was: <java.lang.IllegalArgumentException>
	at org.junit.jupiter.api.AssertionFailureBuilder.build(AssertionFailureBuilder.java:151)
	at org.junit.jupiter.api.AssertThrows.assertThrows(AssertThrows.java:67)
	at org.junit.jupiter.api.AssertThrows.assertThrows(AssertThrows.java:35)
	at org.junit.jupiter.api.Assertions.assertThrows(Assertions.java:3115)
	at LeaveControllerTest.testSubmitLeaveRequestInsufficientBalance(LeaveControllerTest.java:103)
	at java.base/java.lang.reflect.Method.invoke(Method.java:568)
	at java.base/java.util.ArrayList.forEach(ArrayList.java:1511)
	at java.base/java.util.ArrayList.forEach(ArrayList.java:1511)
Caused by: java.lang.IllegalArgumentException: Chi duoc xin nghi tu ngay 2026-07-01 tro di.
	at LeaveController.submit(LeaveController.java:42)
	at LeaveControllerTest.lambda$testSubmitLeaveRequestInsufficientBalance$2(LeaveControllerTest.java:104)
	at org.junit.jupiter.api.AssertThrows.assertThrows(AssertThrows.java:53)
	... 6 more
]]></failure>
  </testcase>
  <testcase name="testSubmitLeaveRequestSuccess" classname="LeaveControllerTest" time="0.009">
    <error message="Chi duoc xin nghi tu ngay 2026-07-01 tro di." type="java.lang.IllegalArgumentException"><![CDATA[java.lang.IllegalArgumentException: Chi duoc xin nghi tu ngay 2026-07-01 tro di.
	at LeaveController.submit(LeaveController.java:42)
	at LeaveControllerTest.testSubmitLeaveRequestSuccess(LeaveControllerTest.java:59)
	at java.base/java.lang.reflect.Method.invoke(Method.java:568)
	at java.base/java.util.ArrayList.forEach(ArrayList.java:1511)
	at java.base/java.util.ArrayList.forEach(ArrayList.java:1511)
]]></error>
  </testcase>
  <testcase name="testSubmitLeaveRequestInvalidDates" classname="LeaveControllerTest" time="0.0"/>
  <testcase name="testSubmitLeaveRequestEmployeeNotFound" classname="LeaveControllerTest" time="0.039"/>
  <testcase name="testApproveOrRejectProcessedRequestFails" classname="LeaveControllerTest" time="0.019">
    <error message="Chi duoc xin nghi tu ngay 2026-07-01 tro di." type="java.lang.IllegalArgumentException"><![CDATA[java.lang.IllegalArgumentException: Chi duoc xin nghi tu ngay 2026-07-01 tro di.
	at LeaveController.submit(LeaveController.java:42)
	at LeaveControllerTest.testApproveOrRejectProcessedRequestFails(LeaveControllerTest.java:180)
	at java.base/java.lang.reflect.Method.invoke(Method.java:568)
	at java.base/java.util.ArrayList.forEach(ArrayList.java:1511)
	at java.base/java.util.ArrayList.forEach(ArrayList.java:1511)
]]></error>
  </testcase>
  <testcase name="testApproveRequestSuccess" classname="LeaveControllerTest" time="0.011">
    <error message="Chi duoc xin nghi tu ngay 2026-07-01 tro di." type="java.lang.IllegalArgumentException"><![CDATA[java.lang.IllegalArgumentException: Chi duoc xin nghi tu ngay 2026-07-01 tro di.
	at LeaveController.submit(LeaveController.java:42)
	at LeaveControllerTest.testApproveRequestSuccess(LeaveControllerTest.java:113)
	at java.base/java.lang.reflect.Method.invoke(Method.java:568)
	at java.base/java.util.ArrayList.forEach(ArrayList.java:1511)
	at java.base/java.util.ArrayList.forEach(ArrayList.java:1511)
]]></error>
  </testcase>
  <testcase name="testApproveRequestFailsDueToBalance" classname="LeaveControllerTest" time="0.017">
    <error message="Chi duoc xin nghi tu ngay 2026-07-01 tro di." type="java.lang.IllegalArgumentException"><![CDATA[java.lang.IllegalArgumentException: Chi duoc xin nghi tu ngay 2026-07-01 tro di.
	at LeaveController.submit(LeaveController.java:42)
	at LeaveControllerTest.testApproveRequestFailsDueToBalance(LeaveControllerTest.java:134)
	at java.base/java.lang.reflect.Method.invoke(Method.java:568)
	at java.base/java.util.ArrayList.forEach(ArrayList.java:1511)
	at java.base/java.util.ArrayList.forEach(ArrayList.java:1511)
]]></error>
  </testcase>
  <testcase name="testRejectRequestSuccess" classname="LeaveControllerTest" time="0.015">
    <error message="Chi duoc xin nghi tu ngay 2026-07-01 tro di." type="java.lang.IllegalArgumentException"><![CDATA[java.lang.IllegalArgumentException: Chi duoc xin nghi tu ngay 2026-07-01 tro di.
	at LeaveController.submit(LeaveController.java:42)
	at LeaveControllerTest.testRejectRequestSuccess(LeaveControllerTest.java:159)
	at java.base/java.lang.reflect.Method.invoke(Method.java:568)
	at java.base/java.util.ArrayList.forEach(ArrayList.java:1511)
	at java.base/java.util.ArrayList.forEach(ArrayList.java:1511)
]]></error>
  </testcase>
</testsuite>