<?xml version="1.0" encoding="UTF-8"?>
<testsuite xmlns:xsi="http://www.w3.org/2001/XMLSchema-instance" xsi:noNamespaceSchemaLocation="https://maven.apache.org/surefire/maven-surefire-plugin/xsd/surefire-test-report-3.0.xsd" version="3.0" name="LeaveControllerTest" time="0.187" tests="8" errors="0" skipped="0" failures="0">
  <properties>
[...]
</properties>
  <testcase name="testSubmitLeaveRequestInsufficientBalance" classname="LeaveControllerTest" time="0.038"/>
  <testcase name="testSubmitLeaveRequestSuccess" classname="LeaveControllerTest" time="0.034"/>
  <testcase name="testSubmitLeaveRequestInvalidDates" classname="LeaveControllerTest" time="0.01"/>
  <testcase name="testSubmitLeaveRequestEmployeeNotFound" classname="LeaveControllerTest" time="0.008"/>
  <testcase name="testApproveOrRejectProcessedRequestFails" classname="LeaveControllerTest" time="0.018"/>
  <testcase name="testApproveRequestSuccess" classname="LeaveControllerTest" time="0.012"/>
  <testcase name="testApproveRequestFailsDueToBalance" classname="LeaveControllerTest" time="0.018"/>
  <testcase name="testRejectRequestSuccess" classname="LeaveControllerTest" time="0.012"/>
</testsuite>