<?xml version="1.0" encoding="UTF-8"?>
<testsuite xmlns:xsi="http://www.w3.org/2001/XMLSchema-instance" xsi:noNamespaceSchemaLocation="https://maven.apache.org/surefire/maven-surefire-plugin/xsd/surefire-test-report-3.0.xsd" version="3.0" name="DoublePaymentTest" time="0.219" tests="3" errors="0" skipped="0" failures="0">
  <properties>
[...]
</properties>
  <testcase name="testAllowPaymentForDifferentMonths" classname="DoublePaymentTest" time="0.162">
    <system-out><![CDATA[======================================
TEST: Allow Payment For Different Months
Employee ID: E001
January payment success: true
February payment success: true
January final status: PROCESSED
February final status: PROCESSED
Wrongly rejected payment: false
Result: PASSED
======================================
]]></system-out>
  </testcase>
  <testcase name="testAllowPaymentForDifferentEmployees" classname="DoublePaymentTest" time="0.012">
    <system-out><![CDATA[======================================
TEST: Allow Payment For Different Employees
Payroll month: 2024-01
Employee E001 payment success: true
Employee E002 payment success: true
Employee E001 final status: PROCESSED
Employee E002 final status: PROCESSED
Wrongly rejected payment: false
Result: PASSED
======================================
]]></system-out>
  </testcase>
  <testcase name="testPreventDoublePaymentWithTwoThreads" classname="DoublePaymentTest" time="0.019">
    <system-out><![CDATA[======================================
TEST: Prevent Double Payment With Two Threads
Employee ID: E001
Payroll month: 2024-01
Threads started: 2
Successful threads: 1 / 2
Processed entries in CSV: 1
Expected processed entries: 1
Final version: 1
Final status: PROCESSED
Double payment detected: false
Result: PASSED
======================================
]]></system-out>
  </testcase>
</testsuite>