<?xml version="1.0" encoding="UTF-8"?>
<testsuite xmlns:xsi="http://www.w3.org/2001/XMLSchema-instance" xsi:noNamespaceSchemaLocation="https://maven.apache.org/surefire/maven-surefire-plugin/xsd/surefire-test-report-3.0.xsd" version="3.0" name="DoublePaymentTest" time="0.355" tests="5" errors="0" skipped="0" failures="1">
  <properties>
[...]
</properties>
  <testcase name="testPreventDoublePaymentWithSync5Threads" classname="DoublePaymentTest" time="0.183"/>
  <testcase name="testAllowPaymentForDifferentMonths" classname="DoublePaymentTest" time="0.016"/>
  <testcase name="testPreventDoublePaymentWithOptimistic5Threads" classname="DoublePaymentTest" time="0.018">
    <failure message="Only one thread should process payroll successfully ==&gt; expected: &lt;1&gt; but was: &lt;0&gt;" type="org.opentest4j.AssertionFailedError"><![CDATA[org.opentest4j.AssertionFailedError: Only one thread should process payroll successfully ==> expected: <1> but was: <0>
	at org.junit.jupiter.api.AssertionFailureBuilder.build(AssertionFailureBuilder.java:151)
	at org.junit.jupiter.api.AssertionFailureBuilder.buildAndThrow(AssertionFailureBuilder.java:132)
	at org.junit.jupiter.api.AssertEquals.failNotEqual(AssertEquals.java:197)
	at org.junit.jupiter.api.AssertEquals.assertEquals(AssertEquals.java:150)
	at org.junit.jupiter.api.Assertions.assertEquals(Assertions.java:563)
	at DoublePaymentTest.testPreventDoublePaymentWithOptimistic5Threads(DoublePaymentTest.java:163)
	at java.base/java.lang.reflect.Method.invoke(Method.java:568)
	at java.base/java.util.ArrayList.forEach(ArrayList.java:1511)
	at java.base/java.util.ArrayList.forEach(ArrayList.java:1511)
]]></failure>
    <system-err><![CDATA[Exception in thread "Opt-Thread-1" Exception in thread "Opt-Thread-3" Exception in thread "Opt-Thread-2" Exception in thread "Opt-Thread-0" java.nio.channels.OverlappingFileLockException
	at java.base/sun.nio.ch.FileLockTable.checkList(FileLockTable.java:229)
	at java.base/sun.nio.ch.FileLockTable.add(FileLockTable.java:123)
	at java.base/sun.nio.ch.FileChannelImpl.lock(FileChannelImpl.java:1276)
	at java.base/java.nio.channels.FileChannel.lock(FileChannel.java:1089)
	at PayrollEntryRepository.updateIfVersionMatch(PayrollEntryRepository.java:203)
	at PayrollEntryRepository.processWithOptimistic(PayrollEntryRepository.java:187)
	at DoublePaymentTest.lambda$testPreventDoublePaymentWithOptimistic5Threads$2(DoublePaymentTest.java:139)
	at java.base/java.lang.Thread.run(Thread.java:842)
java.nio.channels.OverlappingFileLockException
Exception in thread "Opt-Thread-4" 	at java.base/sun.nio.ch.FileLockTable.checkList(FileLockTable.java:229)
	at java.base/sun.nio.ch.FileLockTable.add(FileLockTable.java:123)
	at java.base/sun.nio.ch.FileChannelImpl.lock(FileChannelImpl.java:1276)
	at java.base/java.nio.channels.FileChannel.lock(FileChannel.java:1089)
	at PayrollEntryRepository.updateIfVersionMatch(PayrollEntryRepository.java:203)
	at PayrollEntryRepository.processWithOptimistic(PayrollEntryRepository.java:187)
	at DoublePaymentTest.lambda$testPreventDoublePaymentWithOptimistic5Threads$2(DoublePaymentTest.java:139)
	at java.base/java.lang.Thread.run(Thread.java:842)
java.nio.channels.OverlappingFileLockException
	at java.base/sun.nio.ch.FileLockTable.checkList(FileLockTable.java:229)
	at java.base/sun.nio.ch.FileLockTable.add(FileLockTable.java:123)
	at java.base/sun.nio.ch.FileChannelImpl.lock(FileChannelImpl.java:1276)
	at java.base/java.nio.channels.FileChannel.lock(FileChannel.java:1089)
	at PayrollEntryRepository.updateIfVersionMatch(PayrollEntryRepository.java:203)
	at PayrollEntryRepository.processWithOptimistic(PayrollEntryRepository.java:187)
	at DoublePaymentTest.lambda$testPreventDoublePaymentWithOptimistic5Threads$2(DoublePaymentTest.java:139)
	at java.base/java.lang.Thread.run(Thread.java:842)
java.nio.channels.OverlappingFileLockException
	at java.base/sun.nio.ch.FileLockTable.checkList(FileLockTable.java:229)
	at java.base/sun.nio.ch.FileLockTable.add(FileLockTable.java:123)
	at java.base/sun.nio.ch.FileChannelImpl.lock(FileChannelImpl.java:1276)
	at java.base/java.nio.channels.FileChannel.lock(FileChannel.java:1089)
	at PayrollEntryRepository.updateIfVersionMatch(PayrollEntryRepository.java:203)
	at PayrollEntryRepository.processWithOptimistic(PayrollEntryRepository.java:187)
	at DoublePaymentTest.lambda$testPreventDoublePaymentWithOptimistic5Threads$2(DoublePaymentTest.java:139)
	at java.base/java.lang.Thread.run(Thread.java:842)
java.lang.RuntimeException: Failed to read CSV: C:\Users\Dell\AppData\Local\Temp\double_payment_opt_5_12261583707992190664.csv
	at CsvRepository.readAllLines(CsvRepository.java:94)
	at PayrollEntryRepository.updateIfVersionMatch(PayrollEntryRepository.java:205)
	at PayrollEntryRepository.processWithOptimistic(PayrollEntryRepository.java:187)
	at DoublePaymentTest.lambda$testPreventDoublePaymentWithOptimistic5Threads$2(DoublePaymentTest.java:139)
	at java.base/java.lang.Thread.run(Thread.java:842)
Caused by: java.io.IOException: The process cannot access the file because another process has locked a portion of the file
	at java.base/java.io.FileInputStream.readBytes(Native Method)
	at java.base/java.io.FileInputStream.read(FileInputStream.java:276)
	at java.base/sun.nio.cs.StreamDecoder.readBytes(StreamDecoder.java:270)
	at java.base/sun.nio.cs.StreamDecoder.implRead(StreamDecoder.java:313)
	at java.base/sun.nio.cs.StreamDecoder.read(StreamDecoder.java:188)
	at java.base/java.io.InputStreamReader.read(InputStreamReader.java:177)
	at java.base/java.io.BufferedReader.fill(BufferedReader.java:162)
	at java.base/java.io.BufferedReader.readLine(BufferedReader.java:329)
	at java.base/java.io.BufferedReader.readLine(BufferedReader.java:396)
	at CsvRepository.readAllLines(CsvRepository.java:82)
	... 4 more
]]></system-err>
  </testcase>
  <testcase name="testAllowPaymentForDifferentEmployees" classname="DoublePaymentTest" time="0.018"/>
  <testcase name="testPreventDoublePaymentWithTwoThreads" classname="DoublePaymentTest" time="0.028"/>
</testsuite>